<?xml version="1.0" encoding="UTF-8"?>
<testsuite xmlns:xsi="http://www.w3.org/2001/XMLSchema-instance" xsi:noNamespaceSchemaLocation="https://maven.apache.org/surefire/maven-surefire-plugin/xsd/surefire-test-report-3.0.xsd" version="3.0" name="tests.CheckBoxTest" time="5.037" tests="1" errors="1" skipped="0" failures="0">
  <properties>
[...]
</properties>
  <testcase name="openCheckBoxAndSelectAll" classname="tests.CheckBoxTest" time="5.034">
    <error message="Could not start a new session. Response code 500. Message: An unknown server-side error occurred while processing the command. Original error: The application at &apos;/Users/Student-Day-1/Downloads/react_native_pom-main/app/React_Native_UI.apk&apos; does not exist or is not accessible &#10;Host info: host: &apos;ASTAP&apos;, ip: &apos;10.17.50.188&apos;&#10;Build info: version: &apos;4.13.0&apos;, revision: &apos;ba948ece5b*&apos;&#10;System info: os.name: &apos;Windows 11&apos;, os.arch: &apos;amd64&apos;, os.version: &apos;10.0&apos;, java.version: &apos;21.0.2&apos;&#10;Driver info: io.appium.java_client.android.AndroidDriver&#10;Command: [null, newSession {capabilities=[{appium:udid=emulator-5554, appium:avdReadyTimeout=5000, appium:avdLaunchTimeout=5000, appium:eventTimings=true, platformName=ANDROID, appium:automationName=UiAutomator2, appium:app=/Users/Student-Day-1/Downloads/react_native_pom-main/app/React_Native_UI.apk, appium:platformVersion=11.0}], desiredCapabilities=Capabilities {appium:app: /Users/Student-Day-1/Downlo..., appium:automationName: UiAutomator2, appium:avdLaunchTimeout: 5000, appium:avdReadyTimeout: 5000, appium:eventTimings: true, appium:platformVersion: 11.0, appium:udid: emulator-5554, platformName: ANDROID}}]&#10;Capabilities {appium:app: /Users/Student-Day-1/Downlo..., appium:automationName: UiAutomator2, appium:avdLaunchTimeout: 5000, appium:avdReadyTimeout: 5000, appium:eventTimings: true, appium:platformVersion: 11.0, appium:udid: emulator-5554, platformName: ANDROID}" type="org.openqa.selenium.SessionNotCreatedException"><![CDATA[org.openqa.selenium.SessionNotCreatedException: 
Could not start a new session. Response code 500. Message: An unknown server-side error occurred while processing the command. Original error: The application at '/Users/Student-Day-1/Downloads/react_native_pom-main/app/React_Native_UI.apk' does not exist or is not accessible 
Host info: host: 'ASTAP', ip: '10.17.50.188'
Build info: version: '4.13.0', revision: 'ba948ece5b*'
System info: os.name: 'Windows 11', os.arch: 'amd64', os.version: '10.0', java.version: '21.0.2'
Driver info: io.appium.java_client.android.AndroidDriver
Command: [null, newSession {capabilities=[{appium:udid=emulator-5554, appium:avdReadyTimeout=5000, appium:avdLaunchTimeout=5000, appium:eventTimings=true, platformName=ANDROID, appium:automationName=UiAutomator2, appium:app=/Users/Student-Day-1/Downloads/react_native_pom-main/app/React_Native_UI.apk, appium:platformVersion=11.0}], desiredCapabilities=Capabilities {appium:app: /Users/Student-Day-1/Downlo..., appium:automationName: UiAutomator2, appium:avdLaunchTimeout: 5000, appium:avdReadyTimeout: 5000, appium:eventTimings: true, appium:platformVersion: 11.0, appium:udid: emulator-5554, platformName: ANDROID}}]
Capabilities {appium:app: /Users/Student-Day-1/Downlo..., appium:automationName: UiAutomator2, appium:avdLaunchTimeout: 5000, appium:avdReadyTimeout: 5000, appium:eventTimings: true, appium:platformVersion: 11.0, appium:udid: emulator-5554, platformName: ANDROID}
	at org.openqa.selenium.remote.ProtocolHandshake.createSession(ProtocolHandshake.java:140)
	at java.base/java.lang.reflect.Method.invoke(Method.java:580)
	at io.appium.java_client.remote.AppiumProtocolHandshake.createSession(AppiumProtocolHandshake.java:133)
	at io.appium.java_client.remote.AppiumProtocolHandshake.createSession(AppiumProtocolHandshake.java:102)
	at io.appium.java_client.remote.AppiumCommandExecutor.createSession(AppiumCommandExecutor.java:182)
	at io.appium.java_client.remote.AppiumCommandExecutor.execute(AppiumCommandExecutor.java:250)
	at org.openqa.selenium.remote.RemoteWebDriver.execute(RemoteWebDriver.java:602)
	at io.appium.java_client.AppiumDriver.startSession(AppiumDriver.java:274)
	at org.openqa.selenium.remote.RemoteWebDriver.<init>(RemoteWebDriver.java:163)
	at io.appium.java_client.AppiumDriver.<init>(AppiumDriver.java:89)
	at io.appium.java_client.AppiumDriver.<init>(AppiumDriver.java:101)
	at io.appium.java_client.android.AndroidDriver.<init>(AndroidDriver.java:113)
	at tests.Base.setUp(Base.java:36)
	at java.base/java.lang.reflect.Method.invoke(Method.java:580)
	at java.base/java.util.ArrayList.forEach(ArrayList.java:1596)
	at java.base/java.util.ArrayList.forEach(ArrayList.java:1596)
]]></error>
    <system-out><![CDATA[&amp#27;[35m[Appium]&amp#27;[39m Welcome to Appium v2.5.2
&amp#27;[35m[Appium]&amp#27;[39m Non-default server args:
&amp#27;[35m[Appium]&amp#27;[39m { address: &amp#27;[32m'127.0.0.1'&amp#27;[39m, port: &amp#27;[33m5434&amp#27;[39m }
&amp#27;[35m[Appium]&amp#27;[39m The autodetected Appium home path: C:\Users\astar\.appium
&amp#27;[35m[Appium]&amp#27;[39m Attempting to load driver uiautomator2...
&amp#27;[35m[Appium]&amp#27;[39m Requiring driver at C:\Users\astar\.appium\node_modules\appium-uiautomator2-driver\build\index.js
&amp#27;[35m[Appium]&amp#27;[39m AndroidUiautomator2Driver has been successfully loaded in 1.353s
&amp#27;[35m[Appium]&amp#27;[39m Appium REST http interface listener started on http://127.0.0.1:5434
&amp#27;[35m[Appium]&amp#27;[39m Available drivers:
&amp#27;[35m[Appium]&amp#27;[39m   - uiautomator2@3.0.6 (automationName 'UiAutomator2')
&amp#27;[35m[Appium]&amp#27;[39m No plugins have been installed. Use the "appium plugin" command to install the one(s) you want to use.
&amp#27;[38;5;0m[HTTP]&amp#27;[0m &amp#27;[37m-->&amp#27;[39m &amp#27;[37mGET&amp#27;[39m &amp#27;[37m/status&amp#27;[39m
&amp#27;[38;5;0m[HTTP]&amp#27;[0m &amp#27;[90m{}&amp#27;[39m
&amp#27;[38;5;16m[AppiumDriver@1a85]&amp#27;[0m Calling AppiumDriver.getStatus() with args: []
&amp#27;[38;5;16m[AppiumDriver@1a85]&amp#27;[0m Responding to client with driver.getStatus() result: {"ready":true,"message":"The server is ready to accept new connections","build":{"version":"2.5.2"}}
&amp#27;[38;5;0m[HTTP]&amp#27;[0m &amp#27;[37m<-- GET /status &amp#27;[39m&amp#27;[32m200&amp#27;[39m &amp#27;[90m5 ms - 110&amp#27;[39m
&amp#27;[38;5;0m[HTTP]&amp#27;[0m &amp#27;[90m&amp#27;[39m
&amp#27;[38;5;0m[HTTP]&amp#27;[0m Request idempotency key: 102bfde1-b331-4062-a43a-6c114b152209
&amp#27;[38;5;0m[HTTP]&amp#27;[0m &amp#27;[37m-->&amp#27;[39m &amp#27;[37mPOST&amp#27;[39m &amp#27;[37m/session&amp#27;[39m
&amp#27;[38;5;0m[HTTP]&amp#27;[0m &amp#27;[90m{"capabilities":{"firstMatch":[{}],"alwaysMatch":{"appium:app":"/Users/Student-Day-1/Downloads/react_native_pom-main/app/React_Native_UI.apk","appium:automationName":"UiAutomator2","appium:avdLaunchTimeout":5000,"appium:avdReadyTimeout":5000,"appium:eventTimings":true,"appium:platformVersion":"11.0","appium:udid":"emulator-5554","platformName":"ANDROID"}}}&amp#27;[39m
&amp#27;[38;5;16m[AppiumDriver@1a85]&amp#27;[0m Calling AppiumDriver.createSession() with args: [null,null,{"firstMatch":[{}],"alwaysMatch":{"appium:app":"/Users/Student-Day-1/Downloads/react_native_pom-main/app/React_Native_UI.apk","appium:automationName":"UiAutomator2","appium:avdLaunchTimeout":5000,"appium:avdReadyTimeout":5000,"appium:eventTimings":true,"appium:platformVersion":"11.0","appium:udid":"emulator-5554","platformName":"ANDROID"}}]
&amp#27;[38;5;16m[AppiumDriver@1a85]&amp#27;[0m Event 'newSessionRequested' logged at 1712661545474 (14:19:05 GMT+0300 (Rytų Europos vasaros laikas))
&amp#27;[35m[Appium]&amp#27;[39m Attempting to find matching driver for automationName 'UiAutomator2' and platformName 'ANDROID'
&amp#27;[35m[Appium]&amp#27;[39m The 'uiautomator2' driver was installed and matched caps.
&amp#27;[35m[Appium]&amp#27;[39m Will require it at C:\Users\astar\.appium\node_modules\appium-uiautomator2-driver
&amp#27;[35m[Appium]&amp#27;[39m Requiring driver at C:\Users\astar\.appium\node_modules\appium-uiautomator2-driver\build\index.js
&amp#27;[38;5;16m[AppiumDriver@1a85]&amp#27;[0m Appium v2.5.2 creating new AndroidUiautomator2Driver (v3.0.6) session
&amp#27;[38;5;16m[AppiumDriver@1a85]&amp#27;[0m Checking BaseDriver versions for Appium and AndroidUiautomator2Driver
&amp#27;[38;5;16m[AppiumDriver@1a85]&amp#27;[0m Appium's BaseDriver version is 9.5.3
&amp#27;[38;5;16m[AppiumDriver@1a85]&amp#27;[0m AndroidUiautomator2Driver's BaseDriver version is 9.5.3
&amp#27;[38;5;32m[AndroidUiautomator2Driver@9f21]&amp#27;[0m Creating session with W3C capabilities: {
&amp#27;[38;5;32m[AndroidUiautomator2Driver@9f21]&amp#27;[0m   "alwaysMatch": {
&amp#27;[38;5;32m[AndroidUiautomator2Driver@9f21]&amp#27;[0m     "platformName": "ANDROID",
&amp#27;[38;5;32m[AndroidUiautomator2Driver@9f21]&amp#27;[0m     "appium:app": "/Users/Student-Day-1/Downloads/react_native_pom-main/app/React_Native_UI.apk",
&amp#27;[38;5;32m[AndroidUiautomator2Driver@9f21]&amp#27;[0m     "appium:automationName": "UiAutomator2",
&amp#27;[38;5;32m[AndroidUiautomator2Driver@9f21]&amp#27;[0m     "appium:avdLaunchTimeout": 5000,
&amp#27;[38;5;32m[AndroidUiautomator2Driver@9f21]&amp#27;[0m     "appium:avdReadyTimeout": 5000,
&amp#27;[38;5;32m[AndroidUiautomator2Driver@9f21]&amp#27;[0m     "appium:eventTimings": true,
&amp#27;[38;5;32m[AndroidUiautomator2Driver@9f21]&amp#27;[0m     "appium:platformVersion": "11.0",
&amp#27;[38;5;32m[AndroidUiautomator2Driver@9f21]&amp#27;[0m     "appium:udid": "emulator-5554"
&amp#27;[38;5;32m[AndroidUiautomator2Driver@9f21]&amp#27;[0m   },
&amp#27;[38;5;32m[AndroidUiautomator2Driver@9f21]&amp#27;[0m   "firstMatch": [
&amp#27;[38;5;32m[AndroidUiautomator2Driver@9f21]&amp#27;[0m     {}
&amp#27;[38;5;32m[AndroidUiautomator2Driver@9f21]&amp#27;[0m   ]
&amp#27;[38;5;32m[AndroidUiautomator2Driver@9f21]&amp#27;[0m }
&amp#27;[38;5;32m[AndroidUiautomator2Driver@9f21 (a3ddd29f)]&amp#27;[0m Session created with session id: a3ddd29f-3794-4220-8391-121161f98fee
&amp#27;[38;5;48m[ADB]&amp#27;[0m Found 1 'build-tools' folders under 'C:\Users\astar\AppData\Local\Android\Sdk' (newest first):
&amp#27;[38;5;48m[ADB]&amp#27;[0m     C:\Users\astar\AppData\Local\Android\Sdk\build-tools\34.0.0
&amp#27;[38;5;48m[ADB]&amp#27;[0m Using 'adb.exe' from 'C:\Users\astar\AppData\Local\Android\Sdk\platform-tools\adb.exe'
&amp#27;[38;5;48m[ADB]&amp#27;[0m Running 'C:\Users\astar\AppData\Local\Android\Sdk\platform-tools\adb.exe -P 5037 start-server'
&amp#27;[38;5;32m[AndroidUiautomator2Driver@9f21 (a3ddd29f)]&amp#27;[0m Retrieving device list
&amp#27;[38;5;48m[ADB]&amp#27;[0m Trying to find connected Android devices
&amp#27;[38;5;48m[ADB]&amp#27;[0m Getting connected devices
&amp#27;[38;5;48m[ADB]&amp#27;[0m Connected devices: [{"udid":"emulator-5554","state":"device"}]
&amp#27;[38;5;32m[AndroidUiautomator2Driver@9f21 (a3ddd29f)]&amp#27;[0m Using device: emulator-5554
&amp#27;[38;5;48m[ADB]&amp#27;[0m Using 'adb.exe' from 'C:\Users\astar\AppData\Local\Android\Sdk\platform-tools\adb.exe'
&amp#27;[38;5;48m[ADB]&amp#27;[0m Running 'C:\Users\astar\AppData\Local\Android\Sdk\platform-tools\adb.exe -P 5037 start-server'
&amp#27;[38;5;48m[ADB]&amp#27;[0m Setting device id to emulator-5554
&amp#27;[38;5;32m[AndroidUiautomator2Driver@9f21 (a3ddd29f)]&amp#27;[0m Deleting UiAutomator2 session
&amp#27;[38;5;48m[ADB]&amp#27;[0m Running 'C:\Users\astar\AppData\Local\Android\Sdk\platform-tools\adb.exe -P 5037 -s emulator-5554 shell getprop ro.build.version.sdk'
&amp#27;[38;5;48m[ADB]&amp#27;[0m Running 'C:\Users\astar\AppData\Local\Android\Sdk\platform-tools\adb.exe -P 5037 -s emulator-5554 shell getprop ro.build.version.sdk'
&amp#27;[38;5;48m[ADB]&amp#27;[0m Current device property 'ro.build.version.sdk': 30
&amp#27;[38;5;48m[ADB]&amp#27;[0m Getting device platform version
&amp#27;[38;5;48m[ADB]&amp#27;[0m Running 'C:\Users\astar\AppData\Local\Android\Sdk\platform-tools\adb.exe -P 5037 -s emulator-5554 shell getprop ro.build.version.release'
&amp#27;[38;5;48m[ADB]&amp#27;[0m Current device property 'ro.build.version.sdk': 30
&amp#27;[38;5;48m[ADB]&amp#27;[0m Getting device platform version
&amp#27;[38;5;48m[ADB]&amp#27;[0m Running 'C:\Users\astar\AppData\Local\Android\Sdk\platform-tools\adb.exe -P 5037 -s emulator-5554 shell getprop ro.build.version.release'
&amp#27;[38;5;48m[ADB]&amp#27;[0m Current device property 'ro.build.version.release': 11
&amp#27;[38;5;48m[ADB]&amp#27;[0m Device API level: 30
&amp#27;[38;5;48m[ADB]&amp#27;[0m Running 'C:\Users\astar\AppData\Local\Android\Sdk\platform-tools\adb.exe -P 5037 -s emulator-5554 shell dumpsys activity services io.appium.settings/.recorder.RecorderService'
&amp#27;[38;5;48m[ADB]&amp#27;[0m Current device property 'ro.build.version.release': 11
&amp#27;[38;5;48m[ADB]&amp#27;[0m Device API level: 30
&amp#27;[38;5;32m[AndroidUiautomator2Driver@9f21 (a3ddd29f)]&amp#27;[0m Restoring hidden api policy to the device default configuration
&amp#27;[38;5;48m[ADB]&amp#27;[0m Running 'C:\Users\astar\AppData\Local\Android\Sdk\platform-tools\adb.exe -P 5037 -s emulator-5554 shell 'settings delete global hidden_api_policy_pre_p_apps;settings delete global hidden_api_policy_p_apps;settings delete global hidden_api_policy''
&amp#27;[38;5;16m[AppiumDriver@1a85]&amp#27;[0m Event 'newSessionStarted' logged at 1712661545823 (14:19:05 GMT+0300 (Rytų Europos vasaros laikas))
&amp#27;[38;5;16m[AppiumDriver@1a85]&amp#27;[0m Encountered internal error running command: Error: The application at '/Users/Student-Day-1/Downloads/react_native_pom-main/app/React_Native_UI.apk' does not exist or is not accessible
&amp#27;[38;5;16m[AppiumDriver@1a85]&amp#27;[0m     at C:\Users\astar\AppData\Roaming\npm\node_modules\appium\node_modules\@appium\base-driver\lib\basedriver\helpers.js:276:13
&amp#27;[38;5;0m[HTTP]&amp#27;[0m &amp#27;[37m<-- POST /session &amp#27;[39m&amp#27;[31m500&amp#27;[39m &amp#27;[90m370 ms - 832&amp#27;[39m
&amp#27;[38;5;0m[HTTP]&amp#27;[0m &amp#27;[90m&amp#27;[39m
]]></system-out>
  </testcase>
</testsuite>